#
# A fatal error has been detected by the Java Runtime Environment:
#
#  EXCEPTION_ACCESS_VIOLATION (0xc0000005) at pc=0x000000006806f908, pid=9264, tid=0x0000000000002bd8
#
# JRE version: OpenJDK Runtime Environment (8.0_242-b01) (build 1.8.0_242-release-1644-b01)
# Java VM: OpenJDK 64-Bit Server VM (25.242-b01 mixed mode windows-amd64 compressed oops)
# Problematic frame:
# V  [jvm.dll+0xef908]
#
# Failed to write core dump. Minidumps are not enabled by default on client versions of Windows
#
# If you would like to submit a bug report, please visit:
#   
#

---------------  T H R E A D  ---------------

Current thread (0x00000000026a9000):  GCTaskThread [stack: 0x0000000012310000,0x0000000012410000] [id=11224]

siginfo: ExceptionCode=0xc0000005, reading address 0xffffffffffffffff

Registers:
RAX=0x0000000012610000, RBX=0x0000000001000000, RCX=0x0000000000000000, RDX=0x0000000000000000
RSP=0x000000001240f470, RBP=0x00000000807b6b4c, RSI=0x000000000277b330, RDI=0x000000000277b330
R8 =0x007fffffffc08000, R9 =0x0000000100001df8, R10=0x000000000000000c, R11=0x0000000068550f38
R12=0x00000000807b6b84, R13=0x0000000100002068, R14=0x0000000100002070, R15=0x00000000807b6b40
RIP=0x000000006806f908, EFLAGS=0x0000000000010246

Top of Stack: (sp=0x000000001240f470)
0x000000001240f470:   0000000100001df8 0000000000000002
0x000000001240f480:   000000000277b330 000000006806f799
0x000000001240f490:   0000000000000000 00000000000003d8
0x000000001240f4a0:   00000000026a9638 000000000269ddc0
0x000000001240f4b0:   00000000807b6b40 00000000680754a5
0x000000001240f4c0:   0000000000000000 000000000277b330
0x000000001240f4d0:   000000000277b330 00000000026a9260
0x000000001240f4e0:   00000000172858a0 0000000068349af0
0x000000001240f4f0:   000000000277b330 000000000277b330
0x000000001240f500:   00000000026a9260 0000000000000b88
0x000000001240f510:   0000000000000000 0000000000000c00
0x000000001240f520:   0000000000000000 0000000000000000
0x000000001240f530:   0000000000000000 000000001961e000
0x000000001240f540:   00000000026a9201 00000000026a9201
0x000000001240f550:   0000b5f013c9a2ea 00000000026a9638
0x000000001240f560:   00000000026a9260 00000000000003d8 

Instructions: (pc=0x000000006806f908)
0x000000006806f8e8:   05 43 f7 6d 00 49 c1 e8 03 49 d3 e8 41 0f b6 c0
0x000000006806f8f8:   49 c1 e8 06 24 3f 0f b6 d0 48 8b 05 58 f7 6d 00
0x000000006806f908:   4a 8b 0c c0 48 0f a3 d1 0f 82 59 01 00 00 0f b6
0x000000006806f918:   15 34 56 6d 00 84 d2 74 16 44 8b 43 08 8b 0d 8d 


Register to memory mapping:

RAX=0x0000000012610000 is an unknown value
RBX=0x0000000001000000 is an unknown value
RCX=0x0000000000000000 is an unknown value
RDX=0x0000000000000000 is an unknown value
RSP=0x000000001240f470 is an unknown value
RBP=0x00000000807b6b4c is pointing into object: 0x00000000807b6b40
java.lang.Class 
 - klass: 'java/lang/Class'
RSI=0x000000000277b330 is an unknown value
RDI=0x000000000277b330 is an unknown value
R8 =0x007fffffffc08000 is an unknown value
R9 =0x0000000100001df8 is pointing into metadata
R10=0x000000000000000c is an unknown value
R11=0x0000000068550f38 is an unknown value
R12=0x00000000807b6b84 is pointing into object: 0x00000000807b6b40
java.lang.Class 
 - klass: 'java/lang/Class'
R13=0x0000000100002068 is pointing into metadata
R14=0x0000000100002070 is pointing into metadata
R15=0x00000000807b6b40 is an oop
java.lang.Class 
 - klass: 'java/lang/Class'


Stack: [0x0000000012310000,0x0000000012410000],  sp=0x000000001240f470,  free space=1021k
Native frames: (J=compiled Java code, j=interpreted, Vv=VM code, C=native code)
V  [jvm.dll+0xef908]
V  [jvm.dll+0xf54a5]
V  [jvm.dll+0x3c9af0]
V  [jvm.dll+0x3c6a93]
V  [jvm.dll+0x3c482e]
V  [jvm.dll+0x27276a]
C  [msvcr100.dll+0x21d9f]
C  [msvcr100.dll+0x21e3b]
C  [KERNEL32.DLL+0x17034]
C  [ntdll.dll+0x4cec1]


---------------  P R O C E S S  ---------------

Java Threads: ( => current thread )
  0x0000000019621000 JavaThread "Cache worker for file hash cache (D:\CODING\JAVA - ANDROID\HelloSharedPrefs\.gradle\6.1.1\fileHashes)" [_thread_blocked, id=1992, stack(0x000000001f6b0000,0x000000001f7b0000)]
  0x000000001961e000 JavaThread "Cache worker for checksums cache (D:\CODING\JAVA - ANDROID\HelloSharedPrefs\.gradle\checksums)" [_thread_blocked, id=10732, stack(0x000000001f7b0000,0x000000001f8b0000)]
  0x0000000019620000 JavaThread "Cache worker for file hash cache (C:\Users\TI - AGRA\.gradle\caches\6.1.1\fileHashes)" [_thread_blocked, id=10704, stack(0x000000001d170000,0x000000001d270000)]
  0x000000001961e800 JavaThread "File lock request listener" [_thread_in_native, id=8996, stack(0x000000001d070000,0x000000001d170000)]
  0x0000000018f67000 JavaThread "Cache worker for journal cache (C:\Users\TI - AGRA\.gradle\caches\journal-1)" [_thread_blocked, id=3868, stack(0x000000001cf70000,0x000000001d070000)]
  0x000000001a147800 JavaThread "Thread-9" [_thread_blocked, id=1492, stack(0x000000001cc70000,0x000000001cd70000)]
  0x000000001a146800 JavaThread "Stdin handler" [_thread_blocked, id=9144, stack(0x000000001cb70000,0x000000001cc70000)]
  0x0000000019bb7000 JavaThread "Asynchronous log dispatcher for DefaultDaemonConnection: socket connection from /127.0.0.1:56985 to /127.0.0.1:56986" [_thread_blocked, id=3960, stack(0x000000001ca70000,0x000000001cb70000)]
  0x0000000019bb5800 JavaThread "Daemon worker" [_thread_blocked, id=3176, stack(0x000000001c970000,0x000000001ca70000)]
  0x0000000019bb5000 JavaThread "Cancel handler" [_thread_blocked, id=4352, stack(0x000000001c870000,0x000000001c970000)]
  0x000000001a057000 JavaThread "Handler for socket connection from /127.0.0.1:56985 to /127.0.0.1:56986" [_thread_in_native, id=9332, stack(0x000000001c570000,0x000000001c670000)]
  0x000000001ad13800 JavaThread "Daemon" [_thread_blocked, id=10904, stack(0x000000001c470000,0x000000001c570000)]
  0x000000001a0cb000 JavaThread "Daemon periodic checks" [_thread_blocked, id=11008, stack(0x000000001c370000,0x000000001c470000)]
  0x000000001ae07800 JavaThread "Incoming local TCP Connector on port 56985" [_thread_in_native, id=8032, stack(0x0000000019400000,0x0000000019500000)]
  0x000000001adba000 JavaThread "Daemon health stats" [_thread_blocked, id=2824, stack(0x0000000019300000,0x0000000019400000)]
  0x000000001740d800 JavaThread "Service Thread" daemon [_thread_blocked, id=9468, stack(0x0000000019100000,0x0000000019200000)]
  0x00000000173c3800 JavaThread "C1 CompilerThread2" daemon [_thread_blocked, id=3248, stack(0x0000000018c00000,0x0000000018d00000)]
  0x00000000173bb000 JavaThread "C2 CompilerThread1" daemon [_thread_blocked, id=10568, stack(0x0000000018b00000,0x0000000018c00000)]
  0x00000000173b4800 JavaThread "C2 CompilerThread0" daemon [_thread_blocked, id=6868, stack(0x0000000018a00000,0x0000000018b00000)]
  0x00000000173b3000 JavaThread "Attach Listener" daemon [_thread_blocked, id=8800, stack(0x0000000018900000,0x0000000018a00000)]
  0x00000000173b2000 JavaThread "Signal Dispatcher" daemon [_thread_blocked, id=11864, stack(0x0000000018800000,0x0000000018900000)]
  0x000000000278c000 JavaThread "Finalizer" daemon [_thread_blocked, id=11408, stack(0x0000000018600000,0x0000000018700000)]
  0x0000000017399000 JavaThread "Reference Handler" daemon [_thread_blocked, id=8524, stack(0x0000000018500000,0x0000000018600000)]
  0x0000000000dde000 JavaThread "main" [_thread_blocked, id=11936, stack(0x0000000002590000,0x0000000002690000)]

Other Threads:
  0x0000000017376000 VMThread [stack: 0x0000000018400000,0x0000000018500000] [id=6444]
  0x0000000018d19000 WatcherThread [stack: 0x0000000019200000,0x0000000019300000] [id=10964]

=>0x00000000026a9000 (exited) GCTaskThread [stack: 0x0000000012310000,0x0000000012410000] [id=11224]

VM state:at safepoint (normal execution)

VM Mutex/Monitor currently owned by a thread:  ([mutex/lock_event])
[0x0000000000ddddf0] Threads_lock - owner thread: 0x0000000017376000
[0x0000000000ddd770] Heap_lock - owner thread: 0x0000000019bb5800

heap address: 0x0000000080000000, size: 2048 MB, Compressed Oops mode: 32-bit
Narrow klass base: 0x0000000000000000, Narrow klass shift: 3
Compressed class space size: 1073741824 Address: 0x0000000100000000

Heap:
 PSYoungGen      total 107008K, used 3540K [0x00000000d5580000, 0x00000000dc780000, 0x0000000100000000)
  eden space 97280K, 0% used [0x00000000d5580000,0x00000000d5580000,0x00000000db480000)
  from space 9728K, 36% used [0x00000000dbe00000,0x00000000dc175040,0x00000000dc780000)
  to   space 9728K, 0% used [0x00000000db480000,0x00000000db480000,0x00000000dbe00000)
 ParOldGen       total 64512K, used 8785K [0x0000000080000000, 0x0000000083f00000, 0x00000000d5580000)
  object space 64512K, 13% used [0x0000000080000000,0x00000000808946e0,0x0000000083f00000)
 Metaspace       used 20684K, capacity 21260K, committed 21296K, reserved 1067008K
  class space    used 2893K, capacity 3116K, committed 3120K, reserved 1048576K

Card table byte_map: [0x0000000011b50000,0x0000000011f60000] byte_map_base: 0x0000000011750000

Marking Bits: (ParMarkBitMap*) 0x000000006874f030
 Begin Bits: [0x0000000012610000, 0x0000000014610000)
 End Bits:   [0x0000000014610000, 0x0000000016610000)

Polling page: 0x0000000000d00000

CodeCache: size=245760Kb used=6038Kb max_used=6507Kb free=239721Kb
 bounds [0x0000000002790000, 0x0000000002e00000, 0x0000000011790000]
 total_blobs=2139 nmethods=1713 adapters=339
 compilation: enabled

Compilation events (10 events):
Event: 9.748 Thread 0x00000000173c3800 1869       3       sun.reflect.ReflectionFactory::newMethodAccessor (79 bytes)
Event: 9.751 Thread 0x00000000173c3800 nmethod 1869 0x000000000292a1d0 code [0x000000000292a4a0, 0x000000000292bd38]
Event: 9.751 Thread 0x00000000173c3800 1870       3       sun.reflect.NativeMethodAccessorImpl::<init> (10 bytes)
Event: 9.751 Thread 0x00000000173c3800 nmethod 1870 0x000000000289fc90 code [0x000000000289fe00, 0x00000000028a0090]
Event: 9.758 Thread 0x00000000173c3800 1871   !   3       org.gradle.internal.service.DefaultServiceRegistry$FactoryService::bind (325 bytes)
Event: 9.765 Thread 0x00000000173c3800 nmethod 1871 0x0000000002a69c10 code [0x0000000002a6a2e0, 0x0000000002a6edb8]
Event: 9.765 Thread 0x00000000173c3800 1872       3       org.gradle.internal.service.DefaultServiceRegistry$FactoryMethodService::getParameterTypes (10 bytes)
Event: 9.765 Thread 0x00000000173c3800 nmethod 1872 0x00000000028b5c10 code [0x00000000028b5d60, 0x00000000028b5f90]
Event: 9.778 Thread 0x00000000173bb000 1874  s    4       java.lang.StringBuffer::toString (36 bytes)
Event: 9.786 Thread 0x00000000173bb000 nmethod 1874 0x00000000029d7c50 code [0x00000000029d7da0, 0x00000000029d8318]

GC Heap History (10 events):
Event: 6.408 GC heap after
Heap after GC invocations=4 (full 0):
 PSYoungGen      total 28160K, used 3568K [0x00000000d5580000, 0x00000000d8c80000, 0x0000000100000000)
  eden space 24576K, 0% used [0x00000000d5580000,0x00000000d5580000,0x00000000d6d80000)
  from space 3584K, 99% used [0x00000000d8900000,0x00000000d8c7c010,0x00000000d8c80000)
  to   space 3584K, 0% used [0x00000000d6d80000,0x00000000d6d80000,0x00000000d7100000)
 ParOldGen       total 64512K, used 2229K [0x0000000080000000, 0x0000000083f00000, 0x00000000d5580000)
  object space 64512K, 3% used [0x0000000080000000,0x000000008022d428,0x0000000083f00000)
 Metaspace       used 11675K, capacity 11944K, committed 12160K, reserved 1060864K
  class space    used 1537K, capacity 1640K, committed 1664K, reserved 1048576K
}
Event: 7.129 GC heap before
{Heap before GC invocations=5 (full 0):
 PSYoungGen      total 28160K, used 28144K [0x00000000d5580000, 0x00000000d8c80000, 0x0000000100000000)
  eden space 24576K, 100% used [0x00000000d5580000,0x00000000d6d80000,0x00000000d6d80000)
  from space 3584K, 99% used [0x00000000d8900000,0x00000000d8c7c010,0x00000000d8c80000)
  to   space 3584K, 0% used [0x00000000d6d80000,0x00000000d6d80000,0x00000000d7100000)
 ParOldGen       total 64512K, used 2229K [0x0000000080000000, 0x0000000083f00000, 0x00000000d5580000)
  object space 64512K, 3% used [0x0000000080000000,0x000000008022d428,0x0000000083f00000)
 Metaspace       used 13694K, capacity 14058K, committed 14336K, reserved 1060864K
  class space    used 1874K, capacity 2015K, committed 2048K, reserved 1048576K
Event: 7.143 GC heap after
Heap after GC invocations=5 (full 0):
 PSYoungGen      total 28160K, used 3568K [0x00000000d5580000, 0x00000000d9280000, 0x0000000100000000)
  eden space 24576K, 0% used [0x00000000d5580000,0x00000000d5580000,0x00000000d6d80000)
  from space 3584K, 99% used [0x00000000d6d80000,0x00000000d70fc030,0x00000000d7100000)
  to   space 6656K, 0% used [0x00000000d8c00000,0x00000000d8c00000,0x00000000d9280000)
 ParOldGen       total 64512K, used 4737K [0x0000000080000000, 0x0000000083f00000, 0x00000000d5580000)
  object space 64512K, 7% used [0x0000000080000000,0x00000000804a0570,0x0000000083f00000)
 Metaspace       used 13694K, capacity 14058K, committed 14336K, reserved 1060864K
  class space    used 1874K, capacity 2015K, committed 2048K, reserved 1048576K
}
Event: 7.642 GC heap before
{Heap before GC invocations=6 (full 0):
 PSYoungGen      total 28160K, used 28144K [0x00000000d5580000, 0x00000000d9280000, 0x0000000100000000)
  eden space 24576K, 100% used [0x00000000d5580000,0x00000000d6d80000,0x00000000d6d80000)
  from space 3584K, 99% used [0x00000000d6d80000,0x00000000d70fc030,0x00000000d7100000)
  to   space 6656K, 0% used [0x00000000d8c00000,0x00000000d8c00000,0x00000000d9280000)
 ParOldGen       total 64512K, used 4737K [0x0000000080000000, 0x0000000083f00000, 0x00000000d5580000)
  object space 64512K, 7% used [0x0000000080000000,0x00000000804a0570,0x0000000083f00000)
 Metaspace       used 15751K, capacity 16242K, committed 16512K, reserved 1062912K
  class space    used 2131K, capacity 2317K, committed 2432K, reserved 1048576K
Event: 7.657 GC heap after
Heap after GC invocations=6 (full 0):
 PSYoungGen      total 55296K, used 5871K [0x00000000d5580000, 0x00000000d9380000, 0x0000000100000000)
  eden space 48640K, 0% used [0x00000000d5580000,0x00000000d5580000,0x00000000d8500000)
  from space 6656K, 88% used [0x00000000d8c00000,0x00000000d91bbf10,0x00000000d9280000)
  to   space 7168K, 0% used [0x00000000d8500000,0x00000000d8500000,0x00000000d8c00000)
 ParOldGen       total 64512K, used 4745K [0x0000000080000000, 0x0000000083f00000, 0x00000000d5580000)
  object space 64512K, 7% used [0x0000000080000000,0x00000000804a2570,0x0000000083f00000)
 Metaspace       used 15751K, capacity 16242K, committed 16512K, reserved 1062912K
  class space    used 2131K, capacity 2317K, committed 2432K, reserved 1048576K
}
Event: 9.660 GC heap before
{Heap before GC invocations=7 (full 0):
 PSYoungGen      total 55296K, used 54511K [0x00000000d5580000, 0x00000000d9380000, 0x0000000100000000)
  eden space 48640K, 100% used [0x00000000d5580000,0x00000000d8500000,0x00000000d8500000)
  from space 6656K, 88% used [0x00000000d8c00000,0x00000000d91bbf10,0x00000000d9280000)
  to   space 7168K, 0% used [0x00000000d8500000,0x00000000d8500000,0x00000000d8c00000)
 ParOldGen       total 64512K, used 4745K [0x0000000080000000, 0x0000000083f00000, 0x00000000d5580000)
  object space 64512K, 7% used [0x0000000080000000,0x00000000804a2570,0x0000000083f00000)
 Metaspace       used 20366K, capacity 21004K, committed 21248K, reserved 1067008K
  class space    used 2847K, capacity 3052K, committed 3072K, reserved 1048576K
Event: 9.682 GC heap after
Heap after GC invocations=7 (full 0):
 PSYoungGen      total 55808K, used 7145K [0x00000000d5580000, 0x00000000dc780000, 0x0000000100000000)
  eden space 48640K, 0% used [0x00000000d5580000,0x00000000d5580000,0x00000000d8500000)
  from space 7168K, 99% used [0x00000000d8500000,0x00000000d8bfa5c0,0x00000000d8c00000)
  to   space 9728K, 0% used [0x00000000dbe00000,0x00000000dbe00000,0x00000000dc780000)
 ParOldGen       total 64512K, used 7540K [0x0000000080000000, 0x0000000083f00000, 0x00000000d5580000)
  object space 64512K, 11% used [0x0000000080000000,0x000000008075d300,0x0000000083f00000)
 Metaspace       used 20366K, capacity 21004K, committed 21248K, reserved 1067008K
  class space    used 2847K, capacity 3052K, committed 3072K, reserved 1048576K
}
Event: 9.797 GC heap before
{Heap before GC invocations=8 (full 0):
 PSYoungGen      total 55808K, used 13536K [0x00000000d5580000, 0x00000000dc780000, 0x0000000100000000)
  eden space 48640K, 13% used [0x00000000d5580000,0x00000000d5bbdd80,0x00000000d8500000)
  from space 7168K, 99% used [0x00000000d8500000,0x00000000d8bfa5c0,0x00000000d8c00000)
  to   space 9728K, 0% used [0x00000000dbe00000,0x00000000dbe00000,0x00000000dc780000)
 ParOldGen       total 64512K, used 7540K [0x0000000080000000, 0x0000000083f00000, 0x00000000d5580000)
  object space 64512K, 11% used [0x0000000080000000,0x000000008075d300,0x0000000083f00000)
 Metaspace       used 20684K, capacity 21260K, committed 21296K, reserved 1067008K
  class space    used 2893K, capacity 3116K, committed 3120K, reserved 1048576K
Event: 9.812 GC heap after
Heap after GC invocations=8 (full 0):
 PSYoungGen      total 107008K, used 3540K [0x00000000d5580000, 0x00000000dc780000, 0x0000000100000000)
  eden space 97280K, 0% used [0x00000000d5580000,0x00000000d5580000,0x00000000db480000)
  from space 9728K, 36% used [0x00000000dbe00000,0x00000000dc175040,0x00000000dc780000)
  to   space 9728K, 0% used [0x00000000db480000,0x00000000db480000,0x00000000dbe00000)
 ParOldGen       total 64512K, used 8785K [0x0000000080000000, 0x0000000083f00000, 0x00000000d5580000)
  object space 64512K, 13% used [0x0000000080000000,0x00000000808946e0,0x0000000083f00000)
 Metaspace       used 20684K, capacity 21260K, committed 21296K, reserved 1067008K
  class space    used 2893K, capacity 3116K, committed 3120K, reserved 1048576K
}
Event: 9.812 GC heap before
{Heap before GC invocations=9 (full 1):
 PSYoungGen      total 107008K, used 3540K [0x00000000d5580000, 0x00000000dc780000, 0x0000000100000000)
  eden space 97280K, 0% used [0x00000000d5580000,0x00000000d5580000,0x00000000db480000)
  from space 9728K, 36% used [0x00000000dbe00000,0x00000000dc175040,0x00000000dc780000)
  to   space 9728K, 0% used [0x00000000db480000,0x00000000db480000,0x00000000dbe00000)
 ParOldGen       total 64512K, used 8785K [0x0000000080000000, 0x0000000083f00000, 0x00000000d5580000)
  object space 64512K, 13% used [0x0000000080000000,0x00000000808946e0,0x0000000083f00000)
 Metaspace       used 20684K, capacity 21260K, committed 21296K, reserved 1067008K
  class space    used 2893K, capacity 3116K, committed 3120K, reserved 1048576K

Deoptimization events (10 events):
Event: 7.927 Thread 0x0000000019bb5800 Uncommon trap: reason=unstable_if action=reinterpret pc=0x0000000002bfda54 method=java.nio.charset.CoderResult.isUnderflow()Z @ 4
Event: 9.143 Thread 0x0000000019bb5800 Uncommon trap: reason=bimorphic action=maybe_recompile pc=0x0000000002cc8504 method=java.lang.ClassLoader.loadClass(Ljava/lang/String;Z)Ljava/lang/Class; @ 38
Event: 9.243 Thread 0x0000000019bb5800 Uncommon trap: reason=bimorphic action=maybe_recompile pc=0x0000000002d8efac method=java.lang.ClassLoader.getPackage(Ljava/lang/String;)Ljava/lang/Package; @ 47
Event: 9.252 Thread 0x0000000019bb5800 Uncommon trap: reason=bimorphic action=maybe_recompile pc=0x0000000002cc8504 method=java.lang.ClassLoader.loadClass(Ljava/lang/String;Z)Ljava/lang/Class; @ 38
Event: 9.253 Thread 0x0000000019bb5800 Uncommon trap: reason=bimorphic action=maybe_recompile pc=0x0000000002cc8504 method=java.lang.ClassLoader.loadClass(Ljava/lang/String;Z)Ljava/lang/Class; @ 38
Event: 9.255 Thread 0x0000000019bb5800 Uncommon trap: reason=bimorphic action=maybe_recompile pc=0x0000000002cc8504 method=java.lang.ClassLoader.loadClass(Ljava/lang/String;Z)Ljava/lang/Class; @ 38
Event: 9.256 Thread 0x0000000019bb5800 Uncommon trap: reason=bimorphic action=maybe_recompile pc=0x0000000002d8efac method=java.lang.ClassLoader.getPackage(Ljava/lang/String;)Ljava/lang/Package; @ 47
Event: 9.257 Thread 0x0000000019bb5800 Uncommon trap: reason=unstable_if action=reinterpret pc=0x0000000002d8eb64 method=java.net.URLClassLoader.getAndVerifyPackage(Ljava/lang/String;Ljava/util/jar/Manifest;Ljava/net/URL;)Ljava/lang/Package; @ 62
Event: 9.258 Thread 0x0000000019bb5800 Uncommon trap: reason=bimorphic action=maybe_recompile pc=0x0000000002dc5584 method=java.lang.ClassLoader.getPackage(Ljava/lang/String;)Ljava/lang/Package; @ 47
Event: 9.272 Thread 0x0000000019bb5800 Uncommon trap: reason=unstable_if action=reinterpret pc=0x0000000002dc52b0 method=java.net.URLClassLoader.getAndVerifyPackage(Ljava/lang/String;Ljava/util/jar/Manifest;Ljava/net/URL;)Ljava/lang/Package; @ 62

Classes redefined (0 events):
No events

Internal exceptions (10 events):
Event: 9.277 Thread 0x0000000019bb5800 Exception <a 'java/lang/NoSuchMethodError': <clinit>> (0x00000000d80a2608) thrown at [C:\src\AOSP-openjdk-git\hotspot\src\share\vm\prims\jni.cpp, line 1615]
Event: 9.456 Thread 0x0000000019bb5800 Exception <a 'java/lang/NoSuchMethodError': <clinit>> (0x00000000d813af68) thrown at [C:\src\AOSP-openjdk-git\hotspot\src\share\vm\prims\jni.cpp, line 1615]
Event: 9.464 Thread 0x0000000019bb5800 Exception <a 'java/lang/NoSuchMethodError': <clinit>> (0x00000000d8148b38) thrown at [C:\src\AOSP-openjdk-git\hotspot\src\share\vm\prims\jni.cpp, line 1615]
Event: 9.543 Thread 0x0000000019bb5800 Exception <a 'java/lang/NoSuchMethodError': <clinit>> (0x00000000d8273d80) thrown at [C:\src\AOSP-openjdk-git\hotspot\src\share\vm\prims\jni.cpp, line 1615]
Event: 9.544 Thread 0x0000000019bb5800 Exception <a 'java/lang/NoSuchMethodError': <clinit>> (0x00000000d8277e28) thrown at [C:\src\AOSP-openjdk-git\hotspot\src\share\vm\prims\jni.cpp, line 1615]
Event: 9.544 Thread 0x0000000019bb5800 Exception <a 'java/lang/NoSuchMethodError': <clinit>> (0x00000000d82797a0) thrown at [C:\src\AOSP-openjdk-git\hotspot\src\share\vm\prims\jni.cpp, line 1615]
Event: 9.544 Thread 0x0000000019bb5800 Exception <a 'java/lang/NoSuchMethodError': <clinit>> (0x00000000d827ac50) thrown at [C:\src\AOSP-openjdk-git\hotspot\src\share\vm\prims\jni.cpp, line 1615]
Event: 9.544 Thread 0x0000000019bb5800 Exception <a 'java/lang/NoSuchMethodError': <clinit>> (0x00000000d827c350) thrown at [C:\src\AOSP-openjdk-git\hotspot\src\share\vm\prims\jni.cpp, line 1615]
Event: 9.545 Thread 0x0000000019bb5800 Exception <a 'java/lang/NoSuchMethodError': <clinit>> (0x00000000d827d900) thrown at [C:\src\AOSP-openjdk-git\hotspot\src\share\vm\prims\jni.cpp, line 1615]
Event: 9.545 Thread 0x0000000019bb5800 Exception <a 'java/lang/NoSuchMethodError': <clinit>> (0x00000000d827ed50) thrown at [C:\src\AOSP-openjdk-git\hotspot\src\share\vm\prims\jni.cpp, line 1615]

Events (10 events):
Event: 9.794 loading class org/gradle/model/internal/manage/schema/ModelSetSchema done
Event: 9.794 loading class org/gradle/model/internal/manage/schema/CompositeSchema
Event: 9.794 loading class org/gradle/model/internal/manage/schema/CompositeSchema done
Event: 9.795 loading class org/gradle/model/internal/type/ModelType$Simple
Event: 9.795 loading class org/gradle/model/internal/type/ModelType$Simple done
Event: 9.795 loading class org/gradle/model/internal/type/TypeWrapper
Event: 9.795 loading class org/gradle/model/internal/type/TypeWrapper done
Event: 9.796 loading class org/gradle/model/internal/type/ClassTypeWrapper
Event: 9.796 loading class org/gradle/model/internal/type/ClassTypeWrapper done
Event: 9.797 Executing VM operation: CollectForMetadataAllocation


Dynamic libraries:
0x00007ff6b1cb0000 - 0x00007ff6b1ce1000 	C:\Program Files\Android\Android Studio\jre\bin\java.exe
0x00007ffa1a2f0000 - 0x00007ffa1a4e6000 	C:\WINDOWS\SYSTEM32\ntdll.dll
0x00007ffa188b0000 - 0x00007ffa1896d000 	C:\WINDOWS\System32\KERNEL32.DLL
0x00007ffa17c70000 - 0x00007ffa17f38000 	C:\WINDOWS\System32\KERNELBASE.dll
0x00007ffa187d0000 - 0x00007ffa1887a000 	C:\WINDOWS\System32\ADVAPI32.dll
0x00007ffa19c50000 - 0x00007ffa19cee000 	C:\WINDOWS\System32\msvcrt.dll
0x00007ffa18d70000 - 0x00007ffa18e0b000 	C:\WINDOWS\System32\sechost.dll
0x00007ffa19f00000 - 0x00007ffa1a024000 	C:\WINDOWS\System32\RPCRT4.dll
0x00007ffa18b50000 - 0x00007ffa18cf0000 	C:\WINDOWS\System32\USER32.dll
0x00007ffa17c40000 - 0x00007ffa17c62000 	C:\WINDOWS\System32\win32u.dll
0x00007ffa18970000 - 0x00007ffa1899a000 	C:\WINDOWS\System32\GDI32.dll
0x00007ffa181f0000 - 0x00007ffa182f9000 	C:\WINDOWS\System32\gdi32full.dll
0x00007ffa17a40000 - 0x00007ffa17add000 	C:\WINDOWS\System32\msvcp_win.dll
0x00007ffa180f0000 - 0x00007ffa181f0000 	C:\WINDOWS\System32\ucrtbase.dll
0x00007ffa0c480000 - 0x00007ffa0c71b000 	C:\WINDOWS\WinSxS\amd64_microsoft.windows.common-controls_6595b64144ccf1df_6.0.19041.488_none_ca04af081b815d21\COMCTL32.dll
0x00007ffa18880000 - 0x00007ffa188b0000 	C:\WINDOWS\System32\IMM32.DLL
0x0000000067dc0000 - 0x0000000067e92000 	C:\Program Files\Android\Android Studio\jre\jre\bin\msvcr100.dll
0x0000000067f80000 - 0x00000000687cb000 	C:\Program Files\Android\Android Studio\jre\jre\bin\server\jvm.dll
0x00007ffa1a190000 - 0x00007ffa1a198000 	C:\WINDOWS\System32\PSAPI.DLL
0x00007ffa0b8b0000 - 0x00007ffa0b8b9000 	C:\WINDOWS\SYSTEM32\WSOCK32.dll
0x00007ffa19490000 - 0x00007ffa194fb000 	C:\WINDOWS\System32\WS2_32.dll
0x00007ffa0d090000 - 0x00007ffa0d0b7000 	C:\WINDOWS\SYSTEM32\WINMM.dll
0x00007ffa0e020000 - 0x00007ffa0e02a000 	C:\WINDOWS\SYSTEM32\VERSION.dll
0x00007ffa13550000 - 0x00007ffa1355f000 	C:\Program Files\Android\Android Studio\jre\jre\bin\verify.dll
0x00007ffa0c7c0000 - 0x00007ffa0c7e9000 	C:\Program Files\Android\Android Studio\jre\jre\bin\java.dll
0x00007ffa10a30000 - 0x00007ffa10a46000 	C:\Program Files\Android\Android Studio\jre\jre\bin\zip.dll
0x00007ffa19510000 - 0x00007ffa19c50000 	C:\WINDOWS\System32\SHELL32.dll
0x00007ffa15b90000 - 0x00007ffa16324000 	C:\WINDOWS\SYSTEM32\windows.storage.dll
0x00007ffa18e10000 - 0x00007ffa19165000 	C:\WINDOWS\System32\combase.dll
0x00007ffa174b0000 - 0x00007ffa174dc000 	C:\WINDOWS\SYSTEM32\Wldp.dll
0x00007ffa19dc0000 - 0x00007ffa19e6e000 	C:\WINDOWS\System32\SHCORE.dll
0x00007ffa1a1a0000 - 0x00007ffa1a1f5000 	C:\WINDOWS\System32\shlwapi.dll
0x00007ffa17970000 - 0x00007ffa17996000 	C:\WINDOWS\SYSTEM32\profapi.dll
0x00007ffa0bad0000 - 0x00007ffa0baea000 	C:\Program Files\Android\Android Studio\jre\jre\bin\net.dll
0x00007ffa17230000 - 0x00007ffa1729a000 	C:\WINDOWS\system32\mswsock.dll
0x00007ffa0b9c0000 - 0x00007ffa0b9d3000 	C:\Program Files\Android\Android Studio\jre\jre\bin\nio.dll
0x00007ffa09590000 - 0x00007ffa095b6000 	C:\Users\TI - AGRA\.gradle\native\31\windows-amd64\native-platform.dll
0x00007ffa12d10000 - 0x00007ffa12d1d000 	C:\Program Files\Android\Android Studio\jre\jre\bin\management.dll
0x00007ffa17400000 - 0x00007ffa17418000 	C:\WINDOWS\SYSTEM32\CRYPTSP.dll
0x00007ffa16b50000 - 0x00007ffa16b84000 	C:\WINDOWS\system32\rsaenh.dll
0x00007ffa17f40000 - 0x00007ffa17f67000 	C:\WINDOWS\System32\bcrypt.dll
0x00007ffa178f0000 - 0x00007ffa1791e000 	C:\WINDOWS\SYSTEM32\USERENV.dll
0x00007ffa18020000 - 0x00007ffa1809f000 	C:\WINDOWS\System32\bcryptprimitives.dll
0x00007ffa17420000 - 0x00007ffa1742c000 	C:\WINDOWS\SYSTEM32\CRYPTBASE.dll
0x00007ffa16ed0000 - 0x00007ffa16f0b000 	C:\WINDOWS\SYSTEM32\IPHLPAPI.DLL
0x00007ffa19500000 - 0x00007ffa19509000 	C:\WINDOWS\System32\NSI.dll
0x00007ffa0bdb0000 - 0x00007ffa0bdc7000 	C:\WINDOWS\SYSTEM32\dhcpcsvc6.DLL
0x00007ffa0ca70000 - 0x00007ffa0ca8d000 	C:\WINDOWS\SYSTEM32\dhcpcsvc.DLL
0x00007ffa16f10000 - 0x00007ffa16fdb000 	C:\WINDOWS\SYSTEM32\DNSAPI.dll
0x00007ffa04780000 - 0x00007ffa04964000 	C:\WINDOWS\SYSTEM32\dbghelp.dll

VM Arguments:
jvm_args: -Xmx2048m -Dfile.encoding=windows-1252 -Duser.country=ID -Duser.language=en -Duser.variant 
java_command: org.gradle.launcher.daemon.bootstrap.GradleDaemon 6.1.1
java_class_path (initial): C:\Users\TI - AGRA\.gradle\wrapper\dists\gradle-6.1.1-all\cfmwm155h49vnt3hynmlrsdst\gradle-6.1.1\lib\gradle-launcher-6.1.1.jar
Launcher Type: SUN_STANDARD

Environment Variables:
PATH=C:\ProgramData\Oracle\Java\javapath;C:\Program Files (x86)\Common Files\Intel\Shared Files\cpp\bin\Intel64;C:\WINDOWS\system32;C:\WINDOWS;C:\WINDOWS\System32\Wbem;C:\WINDOWS\System32\WindowsPowerShell\v1.0\;C:\WINDOWS\System32\OpenSSH\;C:\xampp\php\;C:\ProgramData\ComposerSetup\bin;C:\Program Files\Git\cmd;C:\Program Files\Java\jdk-13.0.2\bin;;c:\mysql\bin;C:\Users\TI - AGRA\AppData\Local\Microsoft\WindowsApps;;C:\Users\TI - AGRA\AppData\Local\Programs\Microsoft VS Code\bin;C:\Users\TI - AGRA\AppData\Roaming\Composer\vendor\bin
USERNAME=TI - AGRA
OS=Windows_NT
PROCESSOR_IDENTIFIER=Intel64 Family 6 Model 42 Stepping 7, GenuineIntel



---------------  S Y S T E M  ---------------

OS: Windows 10.0 , 64 bit Build 19041 (10.0.19041.546)

CPU:total 4 (initial active 4) (2 cores per cpu, 2 threads per core) family 6 model 42 stepping 7, cmov, cx8, fxsr, mmx, sse, sse2, sse3, ssse3, sse4.1, sse4.2, popcnt, avx, clmul, ht, tsc, tscinvbit

Memory: 4k page, physical 6152704k(1159352k free), swap 8774144k(2276572k free)

vm_info: OpenJDK 64-Bit Server VM (25.242-b01) for windows-amd64 JRE (1.8.0_242-release-1644-b01), built by "builder" with MS VC++ 10.0 (VS2010)

time: Fri Nov 06 23:18:20 2020
timezone: SE Asia Standard Time
elapsed time: 10 seconds (0d 0h 0m 10s)

